2019-09-05 11:21:01,131 INFO Starting Nacos v1.1.3 on PC-0070 with PID 10692 (F:\学习空间\Learn2\spring-cloud-dubbo-learn\dubbo-nacos\target\nacos-server.jar started by zhan_bingcong in F:\学习空间\Learn2\spring-cloud-dubbo-learn\dubbo-nacos\bin)

2019-09-05 11:21:01,136 INFO The following profiles are active: standalone

2019-09-05 11:21:04,684 INFO Bean 'org.springframework.security.config.annotation.configuration.ObjectPostProcessorConfiguration' of type [org.springframework.security.config.annotation.configuration.ObjectPostProcessorConfiguration$$EnhancerBySpringCGLIB$$1fd3b269] is not eligible for getting processed by all BeanPostProcessors (for example: not eligible for auto-proxying)

2019-09-05 11:21:04,852 INFO Bean 'objectPostProcessor' of type [org.springframework.security.config.annotation.configuration.AutowireBeanFactoryObjectPostProcessor] is not eligible for getting processed by all BeanPostProcessors (for example: not eligible for auto-proxying)

2019-09-05 11:21:04,856 INFO Bean 'org.springframework.security.access.expression.method.DefaultMethodSecurityExpressionHandler@54422e18' of type [org.springframework.security.access.expression.method.DefaultMethodSecurityExpressionHandler] is not eligible for getting processed by all BeanPostProcessors (for example: not eligible for auto-proxying)

2019-09-05 11:21:04,859 INFO Bean 'org.springframework.security.config.annotation.method.configuration.GlobalMethodSecurityConfiguration' of type [org.springframework.security.config.annotation.method.configuration.GlobalMethodSecurityConfiguration$$EnhancerBySpringCGLIB$$44a8551b] is not eligible for getting processed by all BeanPostProcessors (for example: not eligible for auto-proxying)

2019-09-05 11:21:04,866 INFO Bean 'methodSecurityMetadataSource' of type [org.springframework.security.access.method.DelegatingMethodSecurityMetadataSource] is not eligible for getting processed by all BeanPostProcessors (for example: not eligible for auto-proxying)

2019-09-05 11:21:06,120 INFO Tomcat initialized with port(s): 8848 (http)

2019-09-05 11:21:06,171 INFO Starting service [Tomcat]

2019-09-05 11:21:06,171 INFO Starting Servlet Engine: Apache Tomcat/9.0.13

2019-09-05 11:21:06,192 INFO The APR based Apache Tomcat Native library which allows optimal performance in production environments was not found on the java.library.path: [D:\Program Files\java\jdk1.8.0_112\bin;C:\Windows\Sun\Java\bin;C:\Windows\system32;C:\Windows;C:\Program Files\cmder\bin;C:\Program Files\cmder\vendor\bin;C:\Program Files\cmder\vendor\conemu-maximus5\ConEmu\Scripts;C:\Program Files\cmder\vendor\conemu-maximus5;C:\Program Files\cmder\vendor\conemu-maximus5\ConEmu;C:\Program Files (x86)\NVIDIA Corporation\PhysX\Common;C:\Windows\system32;C:\Windows;C:\Windows\System32\Wbem;C:\Windows\System32\WindowsPowerShell\v1.0\;D:\Program Files\java\jdk1.8.0_112\bin;D:\Program Files\apache-maven-3.5.0\bin;D:\Program Files (x86)\Microsoft SQL Server\110\Tools\Binn\ManagementStudio\;D:\Program Files (x86)\Microsoft SQL Server\110\Tools\Binn\;D:\Program Files\Microsoft SQL Server\110\Tools\Binn\;D:\Program Files (x86)\Microsoft SQL Server\110\DTS\Binn\;D:\Program Files\Git\cmd;C:\Program Files\TortoiseSVN\bin;D:\Program Files\nodejs\;C:\ProgramData\chocolatey\bin;D:\oracle_instantclient_11_2_x86;D:\Program Files\MongoDB\Server\4.0\\bin;D:\Program Files\rocketmq-all-4.2.0-bin-release\bin;C:\Program Files (x86)\Microsoft SQL Server\100\Tools\Binn\;C:\Program Files\Microsoft SQL Server\100\Tools\Binn\;C:\Program Files\Microsoft SQL Server\100\DTS\Binn\;C:\Users\zhan_bingcong\AppData\Roaming\npm;C:\Users\zhan_bingcong\AppData\Local\.meteor;D:\Program Files\Git\cmd;D:\Program Files\Git\mingw64\bin;D:\Program Files\Git\usr\bin;C:\Program Files\cmder;.]

2019-09-05 11:21:06,340 INFO Initializing Spring embedded WebApplicationContext

2019-09-05 11:21:06,340 INFO Root WebApplicationContext: initialization completed in 5134 ms

2019-09-05 11:21:11,337 INFO Use Mysql as the driver

2019-09-05 11:21:11,898 INFO Initializing ExecutorService 'applicationTaskExecutor'

2019-09-05 11:21:12,439 INFO Adding welcome page: class path resource [static/index.html]

2019-09-05 11:21:13,040 INFO Creating filter chain: Ant [pattern='/'], []

2019-09-05 11:21:13,041 INFO Creating filter chain: Ant [pattern='/**/*.css'], []

2019-09-05 11:21:13,045 INFO Creating filter chain: Ant [pattern='/**/*.js'], []

2019-09-05 11:21:13,065 INFO Creating filter chain: Ant [pattern='/**/*.html'], []

2019-09-05 11:21:13,068 INFO Creating filter chain: Ant [pattern='/**/*.map'], []

2019-09-05 11:21:13,069 INFO Creating filter chain: Ant [pattern='/**/*.svg'], []

2019-09-05 11:21:13,097 INFO Creating filter chain: Ant [pattern='/**/*.png'], []

2019-09-05 11:21:13,117 INFO Creating filter chain: Ant [pattern='/**/*.ico'], []

2019-09-05 11:21:13,131 INFO Creating filter chain: Ant [pattern='/console-fe/public/**'], []

2019-09-05 11:21:13,134 INFO Creating filter chain: Ant [pattern='/v1/auth/login'], []

2019-09-05 11:21:13,135 INFO Creating filter chain: Ant [pattern='/v1/console/health/**'], []

2019-09-05 11:21:13,136 INFO Creating filter chain: Ant [pattern='/v1/cs/**'], []

2019-09-05 11:21:13,205 INFO Creating filter chain: Ant [pattern='/v1/ns/**'], []

2019-09-05 11:21:13,206 INFO Creating filter chain: Ant [pattern='/v1/cmdb/**'], []

2019-09-05 11:21:13,209 INFO Creating filter chain: Ant [pattern='/actuator/**'], []

2019-09-05 11:21:13,214 INFO Creating filter chain: Ant [pattern='/v1/console/server/**'], []

2019-09-05 11:21:13,282 INFO Creating filter chain: any request, [org.springframework.security.web.context.request.async.WebAsyncManagerIntegrationFilter@2ccca26f, org.springframework.security.web.context.SecurityContextPersistenceFilter@5644dc81, org.springframework.security.web.header.HeaderWriterFilter@7ec3394b, org.springframework.security.web.authentication.logout.LogoutFilter@5c42d2b7, com.alibaba.nacos.console.filter.JwtAuthenticationTokenFilter@66b7550d, org.springframework.security.web.savedrequest.RequestCacheAwareFilter@278bb07e, org.springframework.security.web.servletapi.SecurityContextHolderAwareRequestFilter@6bea52d4, org.springframework.security.web.authentication.AnonymousAuthenticationFilter@3543df7d, org.springframework.security.web.session.SessionManagementFilter@1522d8a0, org.springframework.security.web.access.ExceptionTranslationFilter@2a7686a7, org.springframework.security.web.access.intercept.FilterSecurityInterceptor@b6b1987]

2019-09-05 11:21:13,338 INFO Exposing 2 endpoint(s) beneath base path '/actuator'

2019-09-05 11:21:13,384 INFO Initializing ExecutorService 'taskScheduler'

2019-09-05 11:21:13,534 INFO Tomcat started on port(s): 8848 (http) with context path '/nacos'

2019-09-05 11:21:13,543 INFO Started Nacos in 15.223 seconds (JVM running for 16.214)

2019-09-05 11:21:13,543 INFO Nacos Log files: F:\学习空间\Learn2\spring-cloud-dubbo-learn\dubbo-nacos/logs/

2019-09-05 11:21:13,543 INFO Nacos Conf files: F:\学习空间\Learn2\spring-cloud-dubbo-learn\dubbo-nacos/conf/

2019-09-05 11:21:13,544 INFO Nacos Data files: F:\学习空间\Learn2\spring-cloud-dubbo-learn\dubbo-nacos/data/

2019-09-05 11:21:13,544 INFO Nacos started successfully in stand alone mode.

2019-09-05 11:21:13,785 INFO Initializing Spring DispatcherServlet 'dispatcherServlet'

2019-09-05 11:21:13,786 INFO Initializing Servlet 'dispatcherServlet'

2019-09-05 11:21:13,825 INFO Completed initialization in 22 ms

2019-09-05 11:31:10,072 INFO [capacityManagement] start correct usage

2019-09-05 11:31:10,114 INFO [capacityManagement] end correct usage, cost: 0s

2019-09-05 11:31:10,673 WARN clearConfigHistory start

2019-09-05 11:36:28,276 INFO Shutting down ExecutorService 'taskScheduler'

2019-09-05 11:36:28,283 INFO Shutting down ExecutorService 'applicationTaskExecutor'

2019-09-19 15:01:49,253 INFO Starting Nacos v1.1.3 on PC-0070 with PID 9256 (F:\学习空间\Learn2\spring-cloud-dubbo-learn\dubbo-nacos\target\nacos-server.jar started by zhan_bingcong in F:\学习空间\Learn2\spring-cloud-dubbo-learn\dubbo-nacos\bin)

2019-09-19 15:01:49,256 INFO The following profiles are active: standalone

2019-09-19 15:01:52,469 INFO Bean 'org.springframework.security.config.annotation.configuration.ObjectPostProcessorConfiguration' of type [org.springframework.security.config.annotation.configuration.ObjectPostProcessorConfiguration$$EnhancerBySpringCGLIB$$ce82b35a] is not eligible for getting processed by all BeanPostProcessors (for example: not eligible for auto-proxying)

2019-09-19 15:01:52,614 INFO Bean 'objectPostProcessor' of type [org.springframework.security.config.annotation.configuration.AutowireBeanFactoryObjectPostProcessor] is not eligible for getting processed by all BeanPostProcessors (for example: not eligible for auto-proxying)

2019-09-19 15:01:52,618 INFO Bean 'org.springframework.security.access.expression.method.DefaultMethodSecurityExpressionHandler@2eae8e6e' of type [org.springframework.security.access.expression.method.DefaultMethodSecurityExpressionHandler] is not eligible for getting processed by all BeanPostProcessors (for example: not eligible for auto-proxying)

2019-09-19 15:01:52,619 INFO Bean 'org.springframework.security.config.annotation.method.configuration.GlobalMethodSecurityConfiguration' of type [org.springframework.security.config.annotation.method.configuration.GlobalMethodSecurityConfiguration$$EnhancerBySpringCGLIB$$f357560c] is not eligible for getting processed by all BeanPostProcessors (for example: not eligible for auto-proxying)

2019-09-19 15:01:52,628 INFO Bean 'methodSecurityMetadataSource' of type [org.springframework.security.access.method.DelegatingMethodSecurityMetadataSource] is not eligible for getting processed by all BeanPostProcessors (for example: not eligible for auto-proxying)

2019-09-19 15:01:53,534 INFO Tomcat initialized with port(s): 8848 (http)

2019-09-19 15:01:53,584 INFO Starting service [Tomcat]

2019-09-19 15:01:53,585 INFO Starting Servlet Engine: Apache Tomcat/9.0.13

2019-09-19 15:01:53,610 INFO The APR based Apache Tomcat Native library which allows optimal performance in production environments was not found on the java.library.path: [D:\Program Files\java\jdk1.8.0_112\bin;C:\Windows\Sun\Java\bin;C:\Windows\system32;C:\Windows;C:\Program Files\cmder\bin;C:\Program Files\cmder\vendor\bin;C:\Program Files\cmder\vendor\conemu-maximus5\ConEmu\Scripts;C:\Program Files\cmder\vendor\conemu-maximus5;C:\Program Files\cmder\vendor\conemu-maximus5\ConEmu;C:\Program Files (x86)\NVIDIA Corporation\PhysX\Common;C:\Windows\system32;C:\Windows;C:\Windows\System32\Wbem;C:\Windows\System32\WindowsPowerShell\v1.0\;D:\Program Files\java\jdk1.8.0_112\bin;D:\Program Files\apache-maven-3.5.0\bin;D:\Program Files (x86)\Microsoft SQL Server\110\Tools\Binn\ManagementStudio\;D:\Program Files (x86)\Microsoft SQL Server\110\Tools\Binn\;D:\Program Files\Microsoft SQL Server\110\Tools\Binn\;D:\Program Files (x86)\Microsoft SQL Server\110\DTS\Binn\;D:\Program Files\Git\cmd;C:\Program Files\TortoiseSVN\bin;D:\Program Files\nodejs\;C:\ProgramData\chocolatey\bin;D:\oracle_instantclient_11_2_x86;D:\Program Files\MongoDB\Server\4.0\\bin;D:\Program Files\rocketmq-all-4.2.0-bin-release\bin;C:\Program Files (x86)\Microsoft SQL Server\100\Tools\Binn\;C:\Program Files\Microsoft SQL Server\100\Tools\Binn\;C:\Program Files\Microsoft SQL Server\100\DTS\Binn\;C:\Users\zhan_bingcong\AppData\Roaming\npm;C:\Users\zhan_bingcong\AppData\Local\.meteor;D:\Program Files\Git\cmd;D:\Program Files\Git\mingw64\bin;D:\Program Files\Git\usr\bin;C:\Program Files\cmder;.]

2019-09-19 15:01:53,753 INFO Initializing Spring embedded WebApplicationContext

2019-09-19 15:01:53,753 INFO Root WebApplicationContext: initialization completed in 4410 ms

2019-09-19 15:01:57,222 INFO Use Mysql as the driver

2019-09-19 15:01:57,728 INFO Initializing ExecutorService 'applicationTaskExecutor'

2019-09-19 15:01:58,334 INFO Adding welcome page: class path resource [static/index.html]

2019-09-19 15:01:58,763 INFO Creating filter chain: Ant [pattern='/'], []

2019-09-19 15:01:58,764 INFO Creating filter chain: Ant [pattern='/**/*.css'], []

2019-09-19 15:01:58,764 INFO Creating filter chain: Ant [pattern='/**/*.js'], []

2019-09-19 15:01:58,765 INFO Creating filter chain: Ant [pattern='/**/*.html'], []

2019-09-19 15:01:58,766 INFO Creating filter chain: Ant [pattern='/**/*.map'], []

2019-09-19 15:01:58,766 INFO Creating filter chain: Ant [pattern='/**/*.svg'], []

2019-09-19 15:01:58,767 INFO Creating filter chain: Ant [pattern='/**/*.png'], []

2019-09-19 15:01:58,767 INFO Creating filter chain: Ant [pattern='/**/*.ico'], []

2019-09-19 15:01:58,767 INFO Creating filter chain: Ant [pattern='/console-fe/public/**'], []

2019-09-19 15:01:58,767 INFO Creating filter chain: Ant [pattern='/v1/auth/login'], []

2019-09-19 15:01:58,768 INFO Creating filter chain: Ant [pattern='/v1/console/health/**'], []

2019-09-19 15:01:58,768 INFO Creating filter chain: Ant [pattern='/v1/cs/**'], []

2019-09-19 15:01:58,769 INFO Creating filter chain: Ant [pattern='/v1/ns/**'], []

2019-09-19 15:01:58,769 INFO Creating filter chain: Ant [pattern='/v1/cmdb/**'], []

2019-09-19 15:01:58,770 INFO Creating filter chain: Ant [pattern='/actuator/**'], []

2019-09-19 15:01:58,770 INFO Creating filter chain: Ant [pattern='/v1/console/server/**'], []

2019-09-19 15:01:58,829 INFO Creating filter chain: any request, [org.springframework.security.web.context.request.async.WebAsyncManagerIntegrationFilter@72ea6193, org.springframework.security.web.context.SecurityContextPersistenceFilter@2a7686a7, org.springframework.security.web.header.HeaderWriterFilter@1d0d6318, org.springframework.security.web.authentication.logout.LogoutFilter@246f8b8b, com.alibaba.nacos.console.filter.JwtAuthenticationTokenFilter@31aa3ca5, org.springframework.security.web.savedrequest.RequestCacheAwareFilter@7ec3394b, org.springframework.security.web.servletapi.SecurityContextHolderAwareRequestFilter@312ab28e, org.springframework.security.web.authentication.AnonymousAuthenticationFilter@45905bff, org.springframework.security.web.session.SessionManagementFilter@4409e975, org.springframework.security.web.access.ExceptionTranslationFilter@f001896, org.springframework.security.web.access.intercept.FilterSecurityInterceptor@55342f40]

2019-09-19 15:01:58,887 INFO Exposing 2 endpoint(s) beneath base path '/actuator'

2019-09-19 15:01:58,935 INFO Initializing ExecutorService 'taskScheduler'

2019-09-19 15:01:59,069 INFO Tomcat started on port(s): 8848 (http) with context path '/nacos'

2019-09-19 15:01:59,076 INFO Started Nacos in 11.619 seconds (JVM running for 12.541)

2019-09-19 15:01:59,076 INFO Nacos Log files: F:\学习空间\Learn2\spring-cloud-dubbo-learn\dubbo-nacos/logs/

2019-09-19 15:01:59,078 INFO Nacos Conf files: F:\学习空间\Learn2\spring-cloud-dubbo-learn\dubbo-nacos/conf/

2019-09-19 15:01:59,079 INFO Nacos Data files: F:\学习空间\Learn2\spring-cloud-dubbo-learn\dubbo-nacos/data/

2019-09-19 15:01:59,080 INFO Nacos started successfully in stand alone mode.

2019-09-19 15:02:02,426 INFO Initializing Spring DispatcherServlet 'dispatcherServlet'

2019-09-19 15:02:02,426 INFO Initializing Servlet 'dispatcherServlet'

2019-09-19 15:02:02,445 INFO Completed initialization in 18 ms

2019-09-19 15:11:56,356 INFO [capacityManagement] start correct usage

2019-09-19 15:11:56,400 INFO [capacityManagement] end correct usage, cost: 0s

2019-09-19 15:11:56,594 WARN clearConfigHistory start

2019-09-19 15:21:56,438 INFO [capacityManagement] start correct usage

2019-09-19 15:21:56,440 INFO [capacityManagement] end correct usage, cost: 0s

2019-09-19 15:21:56,654 WARN clearConfigHistory start

2019-09-19 15:31:56,448 INFO [capacityManagement] start correct usage

2019-09-19 15:31:56,451 INFO [capacityManagement] end correct usage, cost: 0s

2019-09-19 15:31:56,664 WARN clearConfigHistory start

2019-09-19 15:41:56,411 INFO [capacityManagement] start correct usage

2019-09-19 15:41:56,412 INFO [capacityManagement] end correct usage, cost: 0s

2019-09-19 15:41:56,626 WARN clearConfigHistory start

2019-09-19 15:51:56,432 INFO [capacityManagement] start correct usage

2019-09-19 15:51:56,434 INFO [capacityManagement] end correct usage, cost: 0s

2019-09-19 15:51:56,647 WARN clearConfigHistory start

2019-09-19 16:01:56,471 INFO [capacityManagement] start correct usage

2019-09-19 16:01:56,474 INFO [capacityManagement] end correct usage, cost: 0s

2019-09-19 16:01:56,686 WARN clearConfigHistory start

2019-09-19 16:11:56,511 INFO [capacityManagement] start correct usage

2019-09-19 16:11:56,512 INFO [capacityManagement] end correct usage, cost: 0s

2019-09-19 16:11:56,724 WARN clearConfigHistory start

2019-09-19 16:21:56,549 INFO [capacityManagement] start correct usage

2019-09-19 16:21:56,550 INFO [capacityManagement] end correct usage, cost: 0s

2019-09-19 16:21:56,762 WARN clearConfigHistory start

2019-09-19 16:31:56,588 INFO [capacityManagement] start correct usage

2019-09-19 16:31:56,590 INFO [capacityManagement] end correct usage, cost: 0s

2019-09-19 16:31:56,800 WARN clearConfigHistory start

2019-09-19 16:41:56,578 INFO [capacityManagement] start correct usage

2019-09-19 16:41:56,580 INFO [capacityManagement] end correct usage, cost: 0s

2019-09-19 16:41:56,789 WARN clearConfigHistory start

2019-09-19 16:51:56,552 INFO [capacityManagement] start correct usage

2019-09-19 16:51:56,553 INFO [capacityManagement] end correct usage, cost: 0s

2019-09-19 16:51:56,764 WARN clearConfigHistory start

2019-09-19 17:01:56,584 INFO [capacityManagement] start correct usage

2019-09-19 17:01:56,586 INFO [capacityManagement] end correct usage, cost: 0s

2019-09-19 17:01:56,796 WARN clearConfigHistory start

2019-09-19 17:06:13,819 INFO Expired JWT token.

2019-09-19 17:06:13,850 ERROR Responding with unauthorized error. Message - Full authentication is required to access this resource

2019-09-19 17:11:56,623 INFO [capacityManagement] start correct usage

2019-09-19 17:11:56,624 INFO [capacityManagement] end correct usage, cost: 0s

2019-09-19 17:11:56,834 WARN clearConfigHistory start

2019-09-19 17:21:56,662 INFO [capacityManagement] start correct usage

2019-09-19 17:21:56,663 INFO [capacityManagement] end correct usage, cost: 0s

2019-09-19 17:21:56,872 WARN clearConfigHistory start

2019-09-19 17:31:56,701 INFO [capacityManagement] start correct usage

2019-09-19 17:31:56,702 INFO [capacityManagement] end correct usage, cost: 0s

2019-09-19 17:31:56,911 WARN clearConfigHistory start

2019-09-19 17:41:56,739 INFO [capacityManagement] start correct usage

2019-09-19 17:41:56,740 INFO [capacityManagement] end correct usage, cost: 0s

2019-09-19 17:41:56,949 WARN clearConfigHistory start

2019-09-19 17:49:05,429 INFO Expired JWT token.

2019-09-19 17:49:05,430 ERROR Responding with unauthorized error. Message - Full authentication is required to access this resource

2019-09-19 17:51:56,742 INFO [capacityManagement] start correct usage

2019-09-19 17:51:56,743 INFO [capacityManagement] end correct usage, cost: 0s

2019-09-19 17:51:56,952 WARN clearConfigHistory start

2019-09-19 18:01:56,755 INFO [capacityManagement] start correct usage

2019-09-19 18:01:56,756 INFO [capacityManagement] end correct usage, cost: 0s

2019-09-19 18:01:56,965 WARN clearConfigHistory start

