2019-09-05 11:21:41,570 INFO PERFORMANCE:|1|1|-1|-1

2019-09-05 11:26:41,561 INFO PERFORMANCE:|7|7|-1|-1

2019-09-05 11:31:41,610 INFO PERFORMANCE:|7|7|-1|-1

2019-09-19 15:02:27,414 INFO PERFORMANCE:|0|0|-1|-1

2019-09-19 15:07:27,433 INFO PERFORMANCE:|3|0|-1|-1

2019-09-19 15:12:27,452 INFO PERFORMANCE:|3|0|-1|-1

2019-09-19 15:17:27,471 INFO PERFORMANCE:|3|0|-1|-1

2019-09-19 15:22:27,490 INFO PERFORMANCE:|3|0|-1|-1

2019-09-19 15:27:27,509 INFO PERFORMANCE:|3|0|-1|-1

2019-09-19 15:32:27,493 INFO PERFORMANCE:|3|0|-1|-1

2019-09-19 15:37:27,468 INFO PERFORMANCE:|3|0|-1|-1

2019-09-19 15:42:27,457 INFO PERFORMANCE:|3|0|-1|-1

2019-09-19 15:47:27,461 INFO PERFORMANCE:|4|1|-1|-1

2019-09-19 15:52:27,480 INFO PERFORMANCE:|4|1|-1|-1

2019-09-19 15:57:27,499 INFO PERFORMANCE:|4|1|-1|-1

2019-09-19 16:02:27,518 INFO PERFORMANCE:|4|1|-1|-1

2019-09-19 16:07:27,537 INFO PERFORMANCE:|4|1|-1|-1

2019-09-19 16:12:27,556 INFO PERFORMANCE:|4|1|-1|-1

2019-09-19 16:17:27,575 INFO PERFORMANCE:|4|1|-1|-1

2019-09-19 16:22:27,594 INFO PERFORMANCE:|4|1|-1|-1

2019-09-19 16:27:27,613 INFO PERFORMANCE:|4|1|-1|-1

2019-09-19 16:32:27,632 INFO PERFORMANCE:|4|4|-1|-1

2019-09-19 16:37:27,670 INFO PERFORMANCE:|7|7|-1|-1

2019-09-19 16:42:27,634 INFO PERFORMANCE:|7|7|-1|-1

2019-09-19 16:47:27,621 INFO PERFORMANCE:|7|7|-1|-1

2019-09-19 16:52:27,610 INFO PERFORMANCE:|7|7|-1|-1

2019-09-19 16:57:27,626 INFO PERFORMANCE:|7|7|14|4

2019-09-19 17:02:27,645 INFO PERFORMANCE:|7|7|-1|-1

2019-09-19 17:07:27,664 INFO PERFORMANCE:|7|7|-1|-1

2019-09-19 17:12:27,683 INFO PERFORMANCE:|7|7|-1|-1

2019-09-19 17:17:27,702 INFO PERFORMANCE:|7|7|-1|-1

2019-09-19 17:22:27,721 INFO PERFORMANCE:|7|7|-1|-1

2019-09-19 17:27:27,740 INFO PERFORMANCE:|7|7|-1|-1

2019-09-19 17:32:27,759 INFO PERFORMANCE:|7|7|-1|-1

2019-09-19 17:37:27,778 INFO PERFORMANCE:|7|5|-1|-1

2019-09-19 17:42:27,797 INFO PERFORMANCE:|7|7|-1|-1

2019-09-19 17:47:27,808 INFO PERFORMANCE:|7|7|-1|-1

2019-09-19 17:52:27,797 INFO PERFORMANCE:|7|7|-1|-1

2019-09-19 17:57:27,794 INFO PERFORMANCE:|7|7|-1|-1

2019-09-19 18:02:27,813 INFO PERFORMANCE:|7|7|-1|-1

